Arguments: 
  /Users/mix/.nvm/versions/node/v18.12.1/bin/node /Users/mix/.npm/bin/yarn init

PATH: 
  /Users/mix/.nvm/versions/node/v18.12.1/bin:/Users/mix/.rbenv/shims:/Users/mix/go/bin:/Users/mix/.npm/bin:/opt/homebrew/bin:/opt/homebrew/sbin:/usr/local/bin:/System/Cryptexes/App/usr/bin:/usr/bin:/bin:/usr/sbin:/sbin:/usr/local/go/bin:/opt/X11/bin:/Library/Apple/usr/bin:/Users/mix/.nvm/versions/node/v18.12.1/bin:/Users/mix/.rbenv/shims:/Users/mix/go/bin:/Users/mix/.npm/bin:/opt/homebrew/bin:/opt/homebrew/sbin:/Users/mix/Library/Android/sdk/emulator:/Users/mix/Library/Android/sdk/platform-tools:/Users/mix/Library/Android/sdk/emulator:/Users/mix/Library/Android/sdk/platform-tools

Yarn version: 
  1.22.19

Node version: 
  18.12.1

Platform: 
  darwin arm64

Trace: 
  Error: canceled
      at Interface.<anonymous> (/Users/mix/.npm/lib/node_modules/yarn/lib/cli.js:137150:13)
      at Interface.emit (node:events:513:28)
      at [_ttyWrite] [as _ttyWrite] (node:internal/readline/interface:1124:18)
      at ReadStream.onkeypress (node:internal/readline/interface:273:20)
      at ReadStream.emit (node:events:513:28)
      at emitKeys (node:internal/readline/utils:357:14)
      at emitKeys.next (<anonymous>)
      at ReadStream.onData (node:internal/readline/emitKeypressEvents:64:36)
      at ReadStream.emit (node:events:513:28)
      at addChunk (node:internal/streams/readable:324:12)

npm manifest: 
  No manifest

yarn manifest: 
  No manifest

Lockfile: 
  No lockfile
